<?xml version="1.0" encoding="UTF-8"?>
<!-- Generated by org.testng.reporters.JUnitXMLReporter -->
<testsuite ignored="0" hostname="DESKTOP-7SM6G84" failures="3" tests="18" name="Test" time="117.827" errors="0" timestamp="2024-11-13T18:23:36 IST">
  <testcase classname="CreateContactRealTeatScriptUsingBaseClass.CreateContactTest" name="CreateContactWithOrgNameTest" time="0.019">
    <skipped/>
  </testcase> <!-- CreateContactWithOrgNameTest -->
  <testcase classname="CreateContactRealTeatScriptUsingBaseClass.CreateContactTest" name="CreateContactWithOrgNameTest" time="0.003">
    <skipped/>
  </testcase> <!-- CreateContactWithOrgNameTest -->
  <testcase classname="CreateContactRealTeatScriptUsingBaseClass.CreateContactTest" name="CreateContactWithOrgNameTest" time="0.005">
    <skipped/>
  </testcase> <!-- CreateContactWithOrgNameTest -->
  <testcase classname="CreateContactRealTeatScriptUsingBaseClass.CreateContactTest" name="CreateContactWithOrgNameTest" time="0.006">
    <skipped/>
  </testcase> <!-- CreateContactWithOrgNameTest -->
  <testcase classname="CreateContactRealTeatScriptUsingBaseClass.CreateContactTest" name="CreateContactWithOrgNameTest" time="0.002">
    <skipped/>
  </testcase> <!-- CreateContactWithOrgNameTest -->
  <testcase classname="CreateContactRealTeatScriptUsingBaseClass.CreateContactTest" name="CreateContactWithOrgNameTest" time="0.004">
    <failure type="java.lang.NullPointerException" message="Cannot invoke &amp;quot;com.aventstack.extentreports.ExtentTest.log(com.aventstack.extentreports.Status, String)&amp;quot; because the return value of &amp;quot;Com.comcast.crm.genaric.WebDriverutility.UtilityClassObject.getTest()&amp;quot; is null">
      <![CDATA[java.lang.NullPointerException: Cannot invoke "com.aventstack.extentreports.ExtentTest.log(com.aventstack.extentreports.Status, String)" because the return value of "Com.comcast.crm.genaric.WebDriverutility.UtilityClassObject.getTest()" is null
at CreateContactRealTeatScriptUsingBaseClass.CreateContactTest.CreateContactWithOrgNameTest(CreateContactTest.java:97)
at java.base/java.util.ArrayList.forEach(ArrayList.java:1511)
... Removed 25 stack frames]]>
    </failure>
  </testcase> <!-- CreateContactWithOrgNameTest -->
  <testcase classname="CreateContactRealTeatScriptUsingBaseClass.CreateContactTest" name="CreatecontactwithSystemDateTest" time="0.005">
    <skipped/>
  </testcase> <!-- CreatecontactwithSystemDateTest -->
  <testcase classname="CreateContactRealTeatScriptUsingBaseClass.CreateContactTest" name="CreatecontactwithSystemDateTest" time="0.005">
    <skipped/>
  </testcase> <!-- CreatecontactwithSystemDateTest -->
  <testcase classname="CreateContactRealTeatScriptUsingBaseClass.CreateContactTest" name="CreatecontactwithSystemDateTest" time="0.006">
    <skipped/>
  </testcase> <!-- CreatecontactwithSystemDateTest -->
  <testcase classname="CreateContactRealTeatScriptUsingBaseClass.CreateContactTest" name="CreatecontactwithSystemDateTest" time="0.001">
    <skipped/>
  </testcase> <!-- CreatecontactwithSystemDateTest -->
  <testcase classname="CreateContactRealTeatScriptUsingBaseClass.CreateContactTest" name="CreatecontactwithSystemDateTest" time="0.002">
    <skipped/>
  </testcase> <!-- CreatecontactwithSystemDateTest -->
  <testcase classname="CreateContactRealTeatScriptUsingBaseClass.CreateContactTest" name="CreatecontactwithSystemDateTest" time="0.003">
    <failure type="java.lang.NullPointerException" message="Cannot invoke &amp;quot;com.aventstack.extentreports.ExtentTest.log(com.aventstack.extentreports.Status, String)&amp;quot; because the return value of &amp;quot;Com.comcast.crm.genaric.WebDriverutility.UtilityClassObject.getTest()&amp;quot; is null">
      <![CDATA[java.lang.NullPointerException: Cannot invoke "com.aventstack.extentreports.ExtentTest.log(com.aventstack.extentreports.Status, String)" because the return value of "Com.comcast.crm.genaric.WebDriverutility.UtilityClassObject.getTest()" is null
at CreateContactRealTeatScriptUsingBaseClass.CreateContactTest.CreatecontactwithSystemDateTest(CreateContactTest.java:78)
at java.base/java.util.ArrayList.forEach(ArrayList.java:1511)
... Removed 25 stack frames]]>
    </failure>
  </testcase> <!-- CreatecontactwithSystemDateTest -->
  <testcase classname="CreateContactRealTeatScriptUsingBaseClass.CreateContactTest" name="createContactTest" time="0.001">
    <skipped/>
  </testcase> <!-- createContactTest -->
  <testcase classname="CreateContactRealTeatScriptUsingBaseClass.CreateContactTest" name="createContactTest" time="0.006">
    <skipped/>
  </testcase> <!-- createContactTest -->
  <testcase classname="CreateContactRealTeatScriptUsingBaseClass.CreateContactTest" name="createContactTest" time="0.003">
    <skipped/>
  </testcase> <!-- createContactTest -->
  <testcase classname="CreateContactRealTeatScriptUsingBaseClass.CreateContactTest" name="createContactTest" time="0.002">
    <skipped/>
  </testcase> <!-- createContactTest -->
  <testcase classname="CreateContactRealTeatScriptUsingBaseClass.CreateContactTest" name="createContactTest" time="0.002">
    <skipped/>
  </testcase> <!-- createContactTest -->
  <testcase classname="CreateContactRealTeatScriptUsingBaseClass.CreateContactTest" name="createContactTest" time="0.001">
    <failure type="java.lang.NullPointerException" message="Cannot invoke &amp;quot;com.aventstack.extentreports.ExtentTest.log(com.aventstack.extentreports.Status, String)&amp;quot; because the return value of &amp;quot;Com.comcast.crm.genaric.WebDriverutility.UtilityClassObject.getTest()&amp;quot; is null">
      <![CDATA[java.lang.NullPointerException: Cannot invoke "com.aventstack.extentreports.ExtentTest.log(com.aventstack.extentreports.Status, String)" because the return value of "Com.comcast.crm.genaric.WebDriverutility.UtilityClassObject.getTest()" is null
at CreateContactRealTeatScriptUsingBaseClass.CreateContactTest.createContactTest(CreateContactTest.java:48)
at java.base/java.util.ArrayList.forEach(ArrayList.java:1511)
... Removed 25 stack frames]]>
    </failure>
  </testcase> <!-- createContactTest -->
</testsuite> <!-- Test -->
