<?xml version="1.0" encoding="UTF-8"?>
<!-- Generated by org.testng.reporters.JUnitXMLReporter -->
<testsuite ignored="6" hostname="DESKTOP-7SM6G84" failures="2" tests="12" name="TestRunner_chrome" time="223.367" errors="0" timestamp="2024-10-22T15:56:41 IST">
  <testcase classname="CreateOrganization_inRealTime_byUsingBaseClass.OrganizationCreationByUsingBaseClass" name="CreateOrgTest" time="13.307"/>
  <testcase classname="CreateOrganization_inRealTime_byUsingBaseClass.OrganizationCreationByUsingBaseClass" name="CreateOrgWithIndustryTypeTest" time="13.253"/>
  <testcase classname="CreateOrganization_inRealTime_byUsingBaseClass.OrganizationCreationByUsingBaseClass" name="CreateOrgWithPhoneNumberTest" time="12.572"/>
  <testcase classname="CreateLeadsInrealTimeByUsingBaseClass.CreatingLeadsByUsiingBaseClass" name="CreateLeadTest" time="11.898"/>
  <testcase classname="CreateLeadsInrealTimeByUsingBaseClass.CreatingLeadsByUsiingBaseClass" name="CreateLeadWithAllDetails" time="11.958"/>
  <testcase classname="CreateLeadsInrealTimeByUsingBaseClass.CreatingLeadsByUsiingBaseClass" name="CreateLeadsWithPhoneNumber" time="15.047"/>
  <testcase classname="CreateContactRealTeatScriptUsingBaseClass.CreateContactTest" name="CreateContactWithOrgNameTest" time="12.194">
    <failure type="org.junit.ComparisonFailure" message="expected:&amp;lt;[[ ACC14 ] FaceBook_4368 - Organization Information]&amp;gt; but was:&amp;lt;[FaceBook_4368]&amp;gt;">
      <![CDATA[org.junit.ComparisonFailure: expected:<[[ ACC14 ] FaceBook_4368 - Organization Information]> but was:<[FaceBook_4368]>
at org.junit.Assert.assertEquals(Assert.java:125)
at org.junit.Assert.assertEquals(Assert.java:147)
at CreateContactRealTeatScriptUsingBaseClass.CreateContactTest.CreateContactWithOrgNameTest(CreateContactTest.java:90)
at java.base/java.util.ArrayList.forEach(ArrayList.java:1511)
at java.base/java.util.concurrent.FutureTask.run(FutureTask.java:317)
at java.base/java.util.concurrent.ThreadPoolExecutor.runWorker(ThreadPoolExecutor.java:1144)
at java.base/java.util.concurrent.ThreadPoolExecutor$Worker.run(ThreadPoolExecutor.java:642)
at java.base/java.lang.Thread.run(Thread.java:1589)
... Removed 16 stack frames]]>
    </failure>
  </testcase> <!-- CreateContactWithOrgNameTest -->
  <testcase classname="CreateContactRealTeatScriptUsingBaseClass.CreateContactTest" name="CreatecontactwithSystemDateTest" time="11.849"/>
  <testcase classname="CreateContactRealTeatScriptUsingBaseClass.CreateContactTest" name="createContactTest" time="11.352">
    <failure type="java.lang.AssertionError" message="expected:&amp;lt;true&amp;gt; but was:&amp;lt;Asha_19&amp;gt;">
      <![CDATA[java.lang.AssertionError: expected:<true> but was:<Asha_19>
at org.junit.Assert.fail(Assert.java:93)
at org.junit.Assert.failNotEquals(Assert.java:647)
at org.junit.Assert.assertEquals(Assert.java:128)
at org.junit.Assert.assertEquals(Assert.java:147)
at CreateContactRealTeatScriptUsingBaseClass.CreateContactTest.createContactTest(CreateContactTest.java:50)
at java.base/java.util.ArrayList.forEach(ArrayList.java:1511)
at java.base/java.util.concurrent.FutureTask.run(FutureTask.java:317)
at java.base/java.util.concurrent.ThreadPoolExecutor.runWorker(ThreadPoolExecutor.java:1144)
at java.base/java.util.concurrent.ThreadPoolExecutor$Worker.run(ThreadPoolExecutor.java:642)
at java.base/java.lang.Thread.run(Thread.java:1589)
... Removed 16 stack frames]]>
    </failure>
  </testcase> <!-- createContactTest -->
  <testcase classname="CreateProductByUsingBaseClass.CreatingProductByUsingBaseClass" name="CreateProductTest" time="15.314"/>
  <testcase classname="CreateProductByUsingBaseClass.CreatingProductByUsingBaseClass" name="CreateProductWithPortNumberTest" time="11.93"/>
  <testcase classname="CreateProductByUsingBaseClass.CreatingProductByUsingBaseClass" name="CreateProductWithStartAndEndDateTset" time="11.064"/>
  <testcase classname="Baseclass_InCrmRealeatCases.BaseclassForCrm" name="@AfterSuite configAs" time="0.0">
    <ignored/>
  </testcase> <!-- @AfterSuite configAs -->
  <testcase classname="Baseclass_InCrmRealeatCases.BaseclassForCrm" name="@AfterSuite configAs" time="0.0">
    <ignored/>
  </testcase> <!-- @AfterSuite configAs -->
  <testcase classname="Baseclass_InCrmRealeatCases.BaseclassForCrm" name="@AfterSuite configAs" time="0.0">
    <ignored/>
  </testcase> <!-- @AfterSuite configAs -->
  <testcase classname="Baseclass_InCrmRealeatCases.BaseclassForCrm" name="@BeforeSuite configBs" time="0.0">
    <ignored/>
  </testcase> <!-- @BeforeSuite configBs -->
  <testcase classname="Baseclass_InCrmRealeatCases.BaseclassForCrm" name="@BeforeSuite configBs" time="0.0">
    <ignored/>
  </testcase> <!-- @BeforeSuite configBs -->
  <testcase classname="Baseclass_InCrmRealeatCases.BaseclassForCrm" name="@BeforeSuite configBs" time="0.0">
    <ignored/>
  </testcase> <!-- @BeforeSuite configBs -->
</testsuite> <!-- TestRunner_chrome -->
