<?xml version="1.0" encoding="UTF-8"?>
<!-- Generated by org.testng.reporters.JUnitXMLReporter -->
<testsuite ignored="6" hostname="DESKTOP-7SM6G84" failures="5" tests="12" name="TestRunner_firefox" time="236.164" errors="0" timestamp="2024-10-22T15:06:13 IST">
  <testcase classname="CreateOrganization_inRealTime_byUsingBaseClass.OrganizationCreationByUsingBaseClass" name="CreateOrgTest" time="0.004">
    <failure type="java.lang.Error" message="Unresolved compilation problem: 
	The method verifyorgpage() in the type OrgVerifyPage is not applicable for the arguments (String)
">
      <![CDATA[java.lang.Error: Unresolved compilation problem: 
The method verifyorgpage() in the type OrgVerifyPage is not applicable for the arguments (String)

at CreateOrganization_inRealTime_byUsingBaseClass.OrganizationCreationByUsingBaseClass.CreateOrgTest(OrganizationCreationByUsingBaseClass.java:51)
at java.base/java.util.ArrayList.forEach(ArrayList.java:1511)
at java.base/java.util.concurrent.FutureTask.run(FutureTask.java:317)
at java.base/java.util.concurrent.ThreadPoolExecutor.runWorker(ThreadPoolExecutor.java:1144)
at java.base/java.util.concurrent.ThreadPoolExecutor$Worker.run(ThreadPoolExecutor.java:642)
at java.base/java.lang.Thread.run(Thread.java:1589)
... Removed 16 stack frames]]>
    </failure>
  </testcase> <!-- CreateOrgTest -->
  <testcase classname="CreateOrganization_inRealTime_byUsingBaseClass.OrganizationCreationByUsingBaseClass" name="CreateOrgWithIndustryTypeTest" time="0.002">
    <failure type="java.lang.Error" message="Unresolved compilation problem: 
	The method verifyorgpage() in the type OrgVerifyPage is not applicable for the arguments (String)
">
      <![CDATA[java.lang.Error: Unresolved compilation problem: 
The method verifyorgpage() in the type OrgVerifyPage is not applicable for the arguments (String)

at CreateOrganization_inRealTime_byUsingBaseClass.OrganizationCreationByUsingBaseClass.CreateOrgWithIndustryTypeTest(OrganizationCreationByUsingBaseClass.java:90)
at java.base/java.util.ArrayList.forEach(ArrayList.java:1511)
at java.base/java.util.concurrent.FutureTask.run(FutureTask.java:317)
at java.base/java.util.concurrent.ThreadPoolExecutor.runWorker(ThreadPoolExecutor.java:1144)
at java.base/java.util.concurrent.ThreadPoolExecutor$Worker.run(ThreadPoolExecutor.java:642)
at java.base/java.lang.Thread.run(Thread.java:1589)
... Removed 16 stack frames]]>
    </failure>
  </testcase> <!-- CreateOrgWithIndustryTypeTest -->
  <testcase classname="CreateOrganization_inRealTime_byUsingBaseClass.OrganizationCreationByUsingBaseClass" name="CreateOrgWithPhoneNumberTest" time="0.002">
    <failure type="java.lang.Error" message="Unresolved compilation problem: 
	The method verifyorgpage() in the type OrgVerifyPage is not applicable for the arguments (String)
">
      <![CDATA[java.lang.Error: Unresolved compilation problem: 
The method verifyorgpage() in the type OrgVerifyPage is not applicable for the arguments (String)

at CreateOrganization_inRealTime_byUsingBaseClass.OrganizationCreationByUsingBaseClass.CreateOrgWithPhoneNumberTest(OrganizationCreationByUsingBaseClass.java:67)
at java.base/java.util.ArrayList.forEach(ArrayList.java:1511)
at java.base/java.util.concurrent.FutureTask.run(FutureTask.java:317)
at java.base/java.util.concurrent.ThreadPoolExecutor.runWorker(ThreadPoolExecutor.java:1144)
at java.base/java.util.concurrent.ThreadPoolExecutor$Worker.run(ThreadPoolExecutor.java:642)
at java.base/java.lang.Thread.run(Thread.java:1589)
... Removed 16 stack frames]]>
    </failure>
  </testcase> <!-- CreateOrgWithPhoneNumberTest -->
  <testcase classname="CreateLeadsInrealTimeByUsingBaseClass.CreatingLeadsByUsiingBaseClass" name="CreateLeadTest" time="26.448"/>
  <testcase classname="CreateLeadsInrealTimeByUsingBaseClass.CreatingLeadsByUsiingBaseClass" name="CreateLeadWithAllDetails" time="14.496"/>
  <testcase classname="CreateLeadsInrealTimeByUsingBaseClass.CreatingLeadsByUsiingBaseClass" name="CreateLeadsWithPhoneNumber" time="10.909"/>
  <testcase classname="CreateContactRealTeatScriptUsingBaseClass.CreateContactTest" name="CreateContactWithOrgNameTest" time="13.255">
    <failure type="org.junit.ComparisonFailure" message="expected:&amp;lt;[[ ACC2 ] FaceBook_2332 - Organization Information]&amp;gt; but was:&amp;lt;[FaceBook_2332]&amp;gt;">
      <![CDATA[org.junit.ComparisonFailure: expected:<[[ ACC2 ] FaceBook_2332 - Organization Information]> but was:<[FaceBook_2332]>
at org.junit.Assert.assertEquals(Assert.java:125)
at org.junit.Assert.assertEquals(Assert.java:147)
at CreateContactRealTeatScriptUsingBaseClass.CreateContactTest.CreateContactWithOrgNameTest(CreateContactTest.java:90)
at java.base/java.util.ArrayList.forEach(ArrayList.java:1511)
at java.base/java.util.concurrent.FutureTask.run(FutureTask.java:317)
at java.base/java.util.concurrent.ThreadPoolExecutor.runWorker(ThreadPoolExecutor.java:1144)
at java.base/java.util.concurrent.ThreadPoolExecutor$Worker.run(ThreadPoolExecutor.java:642)
at java.base/java.lang.Thread.run(Thread.java:1589)
... Removed 16 stack frames]]>
    </failure>
  </testcase> <!-- CreateContactWithOrgNameTest -->
  <testcase classname="CreateContactRealTeatScriptUsingBaseClass.CreateContactTest" name="CreatecontactwithSystemDateTest" time="13.265"/>
  <testcase classname="CreateContactRealTeatScriptUsingBaseClass.CreateContactTest" name="createContactTest" time="13.974">
    <failure type="java.lang.AssertionError" message="expected:&amp;lt;true&amp;gt; but was:&amp;lt;Asha_237&amp;gt;">
      <![CDATA[java.lang.AssertionError: expected:<true> but was:<Asha_237>
at org.junit.Assert.fail(Assert.java:93)
at org.junit.Assert.failNotEquals(Assert.java:647)
at org.junit.Assert.assertEquals(Assert.java:128)
at org.junit.Assert.assertEquals(Assert.java:147)
at CreateContactRealTeatScriptUsingBaseClass.CreateContactTest.createContactTest(CreateContactTest.java:50)
at java.base/java.util.ArrayList.forEach(ArrayList.java:1511)
at java.base/java.util.concurrent.FutureTask.run(FutureTask.java:317)
at java.base/java.util.concurrent.ThreadPoolExecutor.runWorker(ThreadPoolExecutor.java:1144)
at java.base/java.util.concurrent.ThreadPoolExecutor$Worker.run(ThreadPoolExecutor.java:642)
at java.base/java.lang.Thread.run(Thread.java:1589)
... Removed 16 stack frames]]>
    </failure>
  </testcase> <!-- createContactTest -->
  <testcase classname="CreateProductByUsingBaseClass.CreatingProductByUsingBaseClass" name="CreateProductTest" time="10.88"/>
  <testcase classname="CreateProductByUsingBaseClass.CreatingProductByUsingBaseClass" name="CreateProductWithPortNumberTest" time="12.286"/>
  <testcase classname="CreateProductByUsingBaseClass.CreatingProductByUsingBaseClass" name="CreateProductWithStartAndEndDateTset" time="11.119"/>
  <testcase classname="Baseclass_InCrmRealeatCases.BaseclassForCrm" name="@AfterSuite configAs" time="0.0">
    <ignored/>
  </testcase> <!-- @AfterSuite configAs -->
  <testcase classname="Baseclass_InCrmRealeatCases.BaseclassForCrm" name="@AfterSuite configAs" time="0.0">
    <ignored/>
  </testcase> <!-- @AfterSuite configAs -->
  <testcase classname="Baseclass_InCrmRealeatCases.BaseclassForCrm" name="@AfterSuite configAs" time="0.0">
    <ignored/>
  </testcase> <!-- @AfterSuite configAs -->
  <testcase classname="Baseclass_InCrmRealeatCases.BaseclassForCrm" name="@BeforeSuite configBs" time="0.0">
    <ignored/>
  </testcase> <!-- @BeforeSuite configBs -->
  <testcase classname="Baseclass_InCrmRealeatCases.BaseclassForCrm" name="@BeforeSuite configBs" time="0.0">
    <ignored/>
  </testcase> <!-- @BeforeSuite configBs -->
  <testcase classname="Baseclass_InCrmRealeatCases.BaseclassForCrm" name="@BeforeSuite configBs" time="0.0">
    <ignored/>
  </testcase> <!-- @BeforeSuite configBs -->
</testsuite> <!-- TestRunner_firefox -->
