<?xml version="1.0" encoding="UTF-8"?>
<!-- Generated by org.testng.reporters.JUnitReportReporter -->
<testsuite hostname="DESKTOP-7SM6G84" failures="1" tests="8" name="CreateLeadsInrealTimeByUsingBaseClass.CreatingLeadsByUsiingBaseClassTest" time="157.822" errors="0" timestamp="2024-11-11T10:28:17 IST" skipped="5">
  <testcase classname="CreateLeadsInrealTimeByUsingBaseClass.CreatingLeadsByUsiingBaseClassTest" name="CreateLeadsWithPhoneNumber" time="19.033">
    <failure message="The following asserts failed:
	expected [Mandala] but found [[ LEA8 ] Mandala - Lead Information]" type="java.lang.AssertionError">
      <![CDATA[java.lang.AssertionError: The following asserts failed:
expected [Mandala] but found [[ LEA8 ] Mandala - Lead Information]
at org.testng.asserts.SoftAssert.assertAll(SoftAssert.java:46)
at org.testng.asserts.SoftAssert.assertAll(SoftAssert.java:30)
at CreateLeadsInrealTimeByUsingBaseClass.CreatingLeadsByUsiingBaseClassTest.CreateLeadsWithPhoneNumber(CreatingLeadsByUsiingBaseClassTest.java:93)
at java.base/jdk.internal.reflect.DirectMethodHandleAccessor.invoke(DirectMethodHandleAccessor.java:104)
at java.base/java.lang.reflect.Method.invoke(Method.java:578)
at org.testng.internal.invokers.MethodInvocationHelper.invokeMethod(MethodInvocationHelper.java:139)
at org.testng.internal.invokers.TestInvoker.invokeMethod(TestInvoker.java:677)
at org.testng.internal.invokers.TestInvoker.retryFailed(TestInvoker.java:263)
at org.testng.internal.invokers.MethodRunner.runInSequence(MethodRunner.java:62)
at org.testng.internal.invokers.TestInvoker$MethodInvocationAgent.invoke(TestInvoker.java:969)
at org.testng.internal.invokers.TestInvoker.invokeTestMethods(TestInvoker.java:194)
at org.testng.internal.invokers.TestMethodWorker.invokeTestMethods(TestMethodWorker.java:148)
at org.testng.internal.invokers.TestMethodWorker.run(TestMethodWorker.java:128)
at java.base/java.util.ArrayList.forEach(ArrayList.java:1511)
at org.testng.TestRunner.privateRun(TestRunner.java:829)
at org.testng.TestRunner.run(TestRunner.java:602)
at org.testng.SuiteRunner.runTest(SuiteRunner.java:437)
at org.testng.SuiteRunner.runSequentially(SuiteRunner.java:431)
at org.testng.SuiteRunner.privateRun(SuiteRunner.java:391)
at org.testng.SuiteRunner.run(SuiteRunner.java:330)
at org.testng.SuiteRunnerWorker.runSuite(SuiteRunnerWorker.java:52)
at org.testng.SuiteRunnerWorker.run(SuiteRunnerWorker.java:95)
at org.testng.TestNG.runSuitesSequentially(TestNG.java:1256)
at org.testng.TestNG.runSuitesLocally(TestNG.java:1176)
at org.testng.TestNG.runSuites(TestNG.java:1099)
at org.testng.TestNG.run(TestNG.java:1067)
at org.apache.maven.surefire.testng.TestNGExecutor.run(TestNGExecutor.java:308)
at org.apache.maven.surefire.testng.TestNGXmlTestSuite.execute(TestNGXmlTestSuite.java:71)
at org.apache.maven.surefire.testng.TestNGProvider.invoke(TestNGProvider.java:113)
at org.apache.maven.surefire.booter.ForkedBooter.runSuitesInProcess(ForkedBooter.java:385)
at org.apache.maven.surefire.booter.ForkedBooter.execute(ForkedBooter.java:162)
at org.apache.maven.surefire.booter.ForkedBooter.run(ForkedBooter.java:507)
at org.apache.maven.surefire.booter.ForkedBooter.main(ForkedBooter.java:495)
]]>
    </failure>
  </testcase> <!-- CreateLeadsWithPhoneNumber -->
  <system-out/>
  <testcase classname="CreateLeadsInrealTimeByUsingBaseClass.CreatingLeadsByUsiingBaseClassTest" name="CreateLeadsWithPhoneNumber" time="17.216">
    <skipped/>
  </testcase> <!-- CreateLeadsWithPhoneNumber -->
  <system-out/>
  <testcase classname="CreateLeadsInrealTimeByUsingBaseClass.CreatingLeadsByUsiingBaseClassTest" name="CreateLeadWithAllDetails" time="19.363"/>
  <system-out/>
  <testcase classname="CreateLeadsInrealTimeByUsingBaseClass.CreatingLeadsByUsiingBaseClassTest" name="CreateLeadsWithPhoneNumber" time="19.335">
    <skipped/>
  </testcase> <!-- CreateLeadsWithPhoneNumber -->
  <system-out/>
  <testcase classname="CreateLeadsInrealTimeByUsingBaseClass.CreatingLeadsByUsiingBaseClassTest" name="CreateLeadsWithPhoneNumber" time="20.354">
    <skipped/>
  </testcase> <!-- CreateLeadsWithPhoneNumber -->
  <system-out/>
  <testcase classname="CreateLeadsInrealTimeByUsingBaseClass.CreatingLeadsByUsiingBaseClassTest" name="CreateLeadsWithPhoneNumber" time="21.265">
    <skipped/>
  </testcase> <!-- CreateLeadsWithPhoneNumber -->
  <system-out/>
  <testcase classname="CreateLeadsInrealTimeByUsingBaseClass.CreatingLeadsByUsiingBaseClassTest" name="CreateLeadsWithPhoneNumber" time="20.875">
    <skipped/>
  </testcase> <!-- CreateLeadsWithPhoneNumber -->
  <system-out/>
  <testcase classname="CreateLeadsInrealTimeByUsingBaseClass.CreatingLeadsByUsiingBaseClassTest" name="CreateLeadTest" time="20.381"/>
  <system-out/>
</testsuite> <!-- CreateLeadsInrealTimeByUsingBaseClass.CreatingLeadsByUsiingBaseClassTest -->
