<?xml version="1.0" encoding="UTF-8"?>
<!-- Generated by org.testng.reporters.JUnitReportReporter -->
<testsuite hostname="DESKTOP-7SM6G84" failures="0" tests="18" name="CreateContactRealTeatScriptUsingBaseClass.CreateContactTest" time="113.034" errors="3" timestamp="2024-11-13T18:19:04 IST" skipped="15">
  <testcase classname="CreateContactRealTeatScriptUsingBaseClass.CreateContactTest" name="createContactTest" time="6.366">
    <skipped/>
  </testcase> <!-- createContactTest -->
  <system-out/>
  <testcase classname="CreateContactRealTeatScriptUsingBaseClass.CreateContactTest" name="CreatecontactwithSystemDateTest" time="5.959">
    <skipped/>
  </testcase> <!-- CreatecontactwithSystemDateTest -->
  <system-out/>
  <testcase classname="CreateContactRealTeatScriptUsingBaseClass.CreateContactTest" name="CreatecontactwithSystemDateTest" time="6.366">
    <skipped/>
  </testcase> <!-- CreatecontactwithSystemDateTest -->
  <system-out/>
  <testcase classname="CreateContactRealTeatScriptUsingBaseClass.CreateContactTest" name="createContactTest" time="6.233">
    <skipped/>
  </testcase> <!-- createContactTest -->
  <system-out/>
  <testcase classname="CreateContactRealTeatScriptUsingBaseClass.CreateContactTest" name="CreatecontactwithSystemDateTest" time="6.215">
    <skipped/>
  </testcase> <!-- CreatecontactwithSystemDateTest -->
  <system-out/>
  <testcase classname="CreateContactRealTeatScriptUsingBaseClass.CreateContactTest" name="CreatecontactwithSystemDateTest" time="6.347">
    <skipped/>
  </testcase> <!-- CreatecontactwithSystemDateTest -->
  <system-out/>
  <testcase classname="CreateContactRealTeatScriptUsingBaseClass.CreateContactTest" name="CreateContactWithOrgNameTest" time="6.114">
    <skipped/>
  </testcase> <!-- CreateContactWithOrgNameTest -->
  <system-out/>
  <testcase classname="CreateContactRealTeatScriptUsingBaseClass.CreateContactTest" name="CreatecontactwithSystemDateTest" time="6.292">
    <skipped/>
  </testcase> <!-- CreatecontactwithSystemDateTest -->
  <system-out/>
  <testcase classname="CreateContactRealTeatScriptUsingBaseClass.CreateContactTest" name="CreateContactWithOrgNameTest" time="6.197">
    <error message="Cannot invoke &quot;com.aventstack.extentreports.ExtentTest.log(com.aventstack.extentreports.Status, String)&quot; because the return value of &quot;Com.comcast.crm.genaric.WebDriverutility.UtilityClassObject.getTest()&quot; is null" type="java.lang.NullPointerException">
      <![CDATA[java.lang.NullPointerException: Cannot invoke "com.aventstack.extentreports.ExtentTest.log(com.aventstack.extentreports.Status, String)" because the return value of "Com.comcast.crm.genaric.WebDriverutility.UtilityClassObject.getTest()" is null
at CreateContactRealTeatScriptUsingBaseClass.CreateContactTest.CreateContactWithOrgNameTest(CreateContactTest.java:97)
at java.base/jdk.internal.reflect.DirectMethodHandleAccessor.invoke(DirectMethodHandleAccessor.java:104)
at java.base/java.lang.reflect.Method.invoke(Method.java:578)
at org.testng.internal.invokers.MethodInvocationHelper.invokeMethod(MethodInvocationHelper.java:139)
at org.testng.internal.invokers.TestInvoker.invokeMethod(TestInvoker.java:677)
at org.testng.internal.invokers.TestInvoker.retryFailed(TestInvoker.java:263)
at org.testng.internal.invokers.MethodRunner.runInSequence(MethodRunner.java:62)
at org.testng.internal.invokers.TestInvoker$MethodInvocationAgent.invoke(TestInvoker.java:969)
at org.testng.internal.invokers.TestInvoker.invokeTestMethods(TestInvoker.java:194)
at org.testng.internal.invokers.TestMethodWorker.invokeTestMethods(TestMethodWorker.java:148)
at org.testng.internal.invokers.TestMethodWorker.run(TestMethodWorker.java:128)
at java.base/java.util.ArrayList.forEach(ArrayList.java:1511)
at org.testng.TestRunner.privateRun(TestRunner.java:829)
at org.testng.TestRunner.run(TestRunner.java:602)
at org.testng.SuiteRunner.runTest(SuiteRunner.java:437)
at org.testng.SuiteRunner.runSequentially(SuiteRunner.java:431)
at org.testng.SuiteRunner.privateRun(SuiteRunner.java:391)
at org.testng.SuiteRunner.run(SuiteRunner.java:330)
at org.testng.SuiteRunnerWorker.runSuite(SuiteRunnerWorker.java:52)
at org.testng.SuiteRunnerWorker.run(SuiteRunnerWorker.java:95)
at org.testng.TestNG.runSuitesSequentially(TestNG.java:1256)
at org.testng.TestNG.runSuitesLocally(TestNG.java:1176)
at org.testng.TestNG.runSuites(TestNG.java:1099)
at org.testng.TestNG.run(TestNG.java:1067)
at org.apache.maven.surefire.testng.TestNGExecutor.run(TestNGExecutor.java:308)
at org.apache.maven.surefire.testng.TestNGXmlTestSuite.execute(TestNGXmlTestSuite.java:71)
at org.apache.maven.surefire.testng.TestNGProvider.invoke(TestNGProvider.java:113)
at org.apache.maven.surefire.booter.ForkedBooter.runSuitesInProcess(ForkedBooter.java:385)
at org.apache.maven.surefire.booter.ForkedBooter.execute(ForkedBooter.java:162)
at org.apache.maven.surefire.booter.ForkedBooter.run(ForkedBooter.java:507)
at org.apache.maven.surefire.booter.ForkedBooter.main(ForkedBooter.java:495)
]]>
    </error>
  </testcase> <!-- CreateContactWithOrgNameTest -->
  <system-out/>
  <testcase classname="CreateContactRealTeatScriptUsingBaseClass.CreateContactTest" name="CreateContactWithOrgNameTest" time="6.182">
    <skipped/>
  </testcase> <!-- CreateContactWithOrgNameTest -->
  <system-out/>
  <testcase classname="CreateContactRealTeatScriptUsingBaseClass.CreateContactTest" name="CreateContactWithOrgNameTest" time="6.309">
    <skipped/>
  </testcase> <!-- CreateContactWithOrgNameTest -->
  <system-out/>
  <testcase classname="CreateContactRealTeatScriptUsingBaseClass.CreateContactTest" name="createContactTest" time="6.370">
    <skipped/>
  </testcase> <!-- createContactTest -->
  <system-out/>
  <testcase classname="CreateContactRealTeatScriptUsingBaseClass.CreateContactTest" name="createContactTest" time="6.260">
    <skipped/>
  </testcase> <!-- createContactTest -->
  <system-out/>
  <testcase classname="CreateContactRealTeatScriptUsingBaseClass.CreateContactTest" name="CreateContactWithOrgNameTest" time="6.313">
    <skipped/>
  </testcase> <!-- CreateContactWithOrgNameTest -->
  <system-out/>
  <testcase classname="CreateContactRealTeatScriptUsingBaseClass.CreateContactTest" name="createContactTest" time="6.251">
    <error message="Cannot invoke &quot;com.aventstack.extentreports.ExtentTest.log(com.aventstack.extentreports.Status, String)&quot; because the return value of &quot;Com.comcast.crm.genaric.WebDriverutility.UtilityClassObject.getTest()&quot; is null" type="java.lang.NullPointerException">
      <![CDATA[java.lang.NullPointerException: Cannot invoke "com.aventstack.extentreports.ExtentTest.log(com.aventstack.extentreports.Status, String)" because the return value of "Com.comcast.crm.genaric.WebDriverutility.UtilityClassObject.getTest()" is null
at CreateContactRealTeatScriptUsingBaseClass.CreateContactTest.createContactTest(CreateContactTest.java:48)
at java.base/jdk.internal.reflect.DirectMethodHandleAccessor.invoke(DirectMethodHandleAccessor.java:104)
at java.base/java.lang.reflect.Method.invoke(Method.java:578)
at org.testng.internal.invokers.MethodInvocationHelper.invokeMethod(MethodInvocationHelper.java:139)
at org.testng.internal.invokers.TestInvoker.invokeMethod(TestInvoker.java:677)
at org.testng.internal.invokers.TestInvoker.retryFailed(TestInvoker.java:263)
at org.testng.internal.invokers.MethodRunner.runInSequence(MethodRunner.java:62)
at org.testng.internal.invokers.TestInvoker$MethodInvocationAgent.invoke(TestInvoker.java:969)
at org.testng.internal.invokers.TestInvoker.invokeTestMethods(TestInvoker.java:194)
at org.testng.internal.invokers.TestMethodWorker.invokeTestMethods(TestMethodWorker.java:148)
at org.testng.internal.invokers.TestMethodWorker.run(TestMethodWorker.java:128)
at java.base/java.util.ArrayList.forEach(ArrayList.java:1511)
at org.testng.TestRunner.privateRun(TestRunner.java:829)
at org.testng.TestRunner.run(TestRunner.java:602)
at org.testng.SuiteRunner.runTest(SuiteRunner.java:437)
at org.testng.SuiteRunner.runSequentially(SuiteRunner.java:431)
at org.testng.SuiteRunner.privateRun(SuiteRunner.java:391)
at org.testng.SuiteRunner.run(SuiteRunner.java:330)
at org.testng.SuiteRunnerWorker.runSuite(SuiteRunnerWorker.java:52)
at org.testng.SuiteRunnerWorker.run(SuiteRunnerWorker.java:95)
at org.testng.TestNG.runSuitesSequentially(TestNG.java:1256)
at org.testng.TestNG.runSuitesLocally(TestNG.java:1176)
at org.testng.TestNG.runSuites(TestNG.java:1099)
at org.testng.TestNG.run(TestNG.java:1067)
at org.apache.maven.surefire.testng.TestNGExecutor.run(TestNGExecutor.java:308)
at org.apache.maven.surefire.testng.TestNGXmlTestSuite.execute(TestNGXmlTestSuite.java:71)
at org.apache.maven.surefire.testng.TestNGProvider.invoke(TestNGProvider.java:113)
at org.apache.maven.surefire.booter.ForkedBooter.runSuitesInProcess(ForkedBooter.java:385)
at org.apache.maven.surefire.booter.ForkedBooter.execute(ForkedBooter.java:162)
at org.apache.maven.surefire.booter.ForkedBooter.run(ForkedBooter.java:507)
at org.apache.maven.surefire.booter.ForkedBooter.main(ForkedBooter.java:495)
]]>
    </error>
  </testcase> <!-- createContactTest -->
  <system-out/>
  <testcase classname="CreateContactRealTeatScriptUsingBaseClass.CreateContactTest" name="CreatecontactwithSystemDateTest" time="6.167">
    <error message="Cannot invoke &quot;com.aventstack.extentreports.ExtentTest.log(com.aventstack.extentreports.Status, String)&quot; because the return value of &quot;Com.comcast.crm.genaric.WebDriverutility.UtilityClassObject.getTest()&quot; is null" type="java.lang.NullPointerException">
      <![CDATA[java.lang.NullPointerException: Cannot invoke "com.aventstack.extentreports.ExtentTest.log(com.aventstack.extentreports.Status, String)" because the return value of "Com.comcast.crm.genaric.WebDriverutility.UtilityClassObject.getTest()" is null
at CreateContactRealTeatScriptUsingBaseClass.CreateContactTest.CreatecontactwithSystemDateTest(CreateContactTest.java:78)
at java.base/jdk.internal.reflect.DirectMethodHandleAccessor.invoke(DirectMethodHandleAccessor.java:104)
at java.base/java.lang.reflect.Method.invoke(Method.java:578)
at org.testng.internal.invokers.MethodInvocationHelper.invokeMethod(MethodInvocationHelper.java:139)
at org.testng.internal.invokers.TestInvoker.invokeMethod(TestInvoker.java:677)
at org.testng.internal.invokers.TestInvoker.retryFailed(TestInvoker.java:263)
at org.testng.internal.invokers.MethodRunner.runInSequence(MethodRunner.java:62)
at org.testng.internal.invokers.TestInvoker$MethodInvocationAgent.invoke(TestInvoker.java:969)
at org.testng.internal.invokers.TestInvoker.invokeTestMethods(TestInvoker.java:194)
at org.testng.internal.invokers.TestMethodWorker.invokeTestMethods(TestMethodWorker.java:148)
at org.testng.internal.invokers.TestMethodWorker.run(TestMethodWorker.java:128)
at java.base/java.util.ArrayList.forEach(ArrayList.java:1511)
at org.testng.TestRunner.privateRun(TestRunner.java:829)
at org.testng.TestRunner.run(TestRunner.java:602)
at org.testng.SuiteRunner.runTest(SuiteRunner.java:437)
at org.testng.SuiteRunner.runSequentially(SuiteRunner.java:431)
at org.testng.SuiteRunner.privateRun(SuiteRunner.java:391)
at org.testng.SuiteRunner.run(SuiteRunner.java:330)
at org.testng.SuiteRunnerWorker.runSuite(SuiteRunnerWorker.java:52)
at org.testng.SuiteRunnerWorker.run(SuiteRunnerWorker.java:95)
at org.testng.TestNG.runSuitesSequentially(TestNG.java:1256)
at org.testng.TestNG.runSuitesLocally(TestNG.java:1176)
at org.testng.TestNG.runSuites(TestNG.java:1099)
at org.testng.TestNG.run(TestNG.java:1067)
at org.apache.maven.surefire.testng.TestNGExecutor.run(TestNGExecutor.java:308)
at org.apache.maven.surefire.testng.TestNGXmlTestSuite.execute(TestNGXmlTestSuite.java:71)
at org.apache.maven.surefire.testng.TestNGProvider.invoke(TestNGProvider.java:113)
at org.apache.maven.surefire.booter.ForkedBooter.runSuitesInProcess(ForkedBooter.java:385)
at org.apache.maven.surefire.booter.ForkedBooter.execute(ForkedBooter.java:162)
at org.apache.maven.surefire.booter.ForkedBooter.run(ForkedBooter.java:507)
at org.apache.maven.surefire.booter.ForkedBooter.main(ForkedBooter.java:495)
]]>
    </error>
  </testcase> <!-- CreatecontactwithSystemDateTest -->
  <system-out/>
  <testcase classname="CreateContactRealTeatScriptUsingBaseClass.CreateContactTest" name="CreateContactWithOrgNameTest" time="6.040">
    <skipped/>
  </testcase> <!-- CreateContactWithOrgNameTest -->
  <system-out/>
  <testcase classname="CreateContactRealTeatScriptUsingBaseClass.CreateContactTest" name="createContactTest" time="7.053">
    <skipped/>
  </testcase> <!-- createContactTest -->
  <system-out/>
</testsuite> <!-- CreateContactRealTeatScriptUsingBaseClass.CreateContactTest -->
